<?xml version="1.0" encoding="UTF-8"?>
<!-- Generated by org.testng.reporters.JUnitReportReporter -->
<testsuite skipped="0" hostname="DESKTOP-E1E9EHH" name="restAPIExamples.StaticVariables" tests="1" failures="0" timestamp="29 Aug 2021 03:22:44 GMT" time="4.255" errors="0">
  <testcase name="staticvariables_implement" time="4.255" classname="restAPIExamples.StaticVariables"/>
</testsuite> <!-- restAPIExamples.StaticVariables -->
