<?xml version="1.0" encoding="UTF-8"?>
<!-- Generated by org.testng.reporters.JUnitReportReporter -->
<testsuite skipped="0" hostname="DESKTOP-E1E9EHH" name="datashare.TestNG_ITestConext_DataShare" tests="1" failures="0" timestamp="06 Dec 2021 06:17:39 GMT" time="6.625" errors="0">
  <testcase name="createBooking" time="6.625" classname="datashare.TestNG_ITestConext_DataShare"/>
</testsuite> <!-- datashare.TestNG_ITestConext_DataShare -->
