<?xml version="1.0" encoding="UTF-8"?>
<!-- Generated by org.testng.reporters.JUnitReportReporter -->
<testsuite skipped="0" hostname="DESKTOP-E1E9EHH" name="datashare.ShareDataAsMap" tests="2" failures="0" timestamp="02 Dec 2021 13:49:27 GMT" time="9.282" errors="0">
  <testcase name="createBooking" time="6.895" classname="datashare.ShareDataAsMap"/>
  <testcase name="retrieveBooking" time="2.387" classname="datashare.ShareDataAsMap"/>
</testsuite> <!-- datashare.ShareDataAsMap -->
