<?xml version="1.0" encoding="UTF-8"?>
<!-- Generated by org.testng.reporters.JUnitReportReporter -->
<testsuite skipped="0" hostname="DESKTOP-E1E9EHH" name="datashare.ShareData" tests="1" failures="0" timestamp="02 Dec 2021 07:30:13 GMT" time="6.754" errors="0">
  <testcase name="createBooking" time="6.754" classname="datashare.ShareData"/>
</testsuite> <!-- datashare.ShareData -->
