<?xml version="1.0" encoding="UTF-8"?>
<!-- Generated by org.testng.reporters.JUnitReportReporter -->
<testsuite skipped="0" hostname="DESKTOP-E1E9EHH" name="restAPIExamples.MeasureResponseTime" tests="1" failures="0" timestamp="28 Aug 2021 15:32:54 GMT" time="5.102" errors="0">
  <testcase name="mesaureResponseTime" time="5.102" classname="restAPIExamples.MeasureResponseTime"/>
</testsuite> <!-- restAPIExamples.MeasureResponseTime -->
