<?xml version="1.0" encoding="UTF-8"?>
<!-- Generated by org.testng.reporters.JUnitReportReporter -->
<testsuite skipped="0" hostname="DESKTOP-E1E9EHH" name="jsonPathExamples.JsonPathDemo" tests="1" failures="0" timestamp="24 Nov 2021 13:15:02 GMT" time="2.052" errors="0">
  <testcase name="jsonPathDemo" time="2.052" classname="jsonPathExamples.JsonPathDemo"/>
</testsuite> <!-- jsonPathExamples.JsonPathDemo -->
