<?xml version="1.0" encoding="UTF-8"?>
<!-- Generated by org.testng.reporters.JUnitReportReporter -->
<testsuite skipped="0" hostname="DESKTOP-E1E9EHH" name="datashare.TestNG_ITestConext_DataShare_iTestSuite_GetBookingID" tests="1" failures="0" timestamp="06 Dec 2021 06:31:03 GMT" time="2.113" errors="0">
  <testcase name="retrieveBookingID" time="2.113" classname="datashare.TestNG_ITestConext_DataShare_iTestSuite_GetBookingID"/>
</testsuite> <!-- datashare.TestNG_ITestConext_DataShare_iTestSuite_GetBookingID -->
