<?xml version="1.0" encoding="UTF-8"?>
<!-- Generated by org.testng.reporters.JUnitReportReporter -->
<testsuite skipped="0" hostname="DESKTOP-E1E9EHH" name="datashare.TestNG_DataStore" tests="2" failures="0" timestamp="06 Dec 2021 03:39:56 GMT" time="13.830" errors="0">
  <testcase name="createBooking" time="9.337" classname="datashare.TestNG_DataStore"/>
  <testcase name="retrieveBooking" time="4.493" classname="datashare.TestNG_DataStore"/>
</testsuite> <!-- datashare.TestNG_DataStore -->
