<?xml version="1.0" encoding="UTF-8"?>
<!-- Generated by org.testng.reporters.JUnitReportReporter -->
<testsuite skipped="0" hostname="DESKTOP-E1E9EHH" name="restAPIExamples.MultipleBookingwithRequestSpec" tests="3" failures="0" timestamp="28 Aug 2021 14:07:57 GMT" time="8.334" errors="0">
  <testcase name="createBooking_02" time="1.402" classname="restAPIExamples.MultipleBookingwithRequestSpec"/>
  <testcase name="updateBooking" time="2.164" classname="restAPIExamples.MultipleBookingwithRequestSpec"/>
  <testcase name="createBooking" time="4.768" classname="restAPIExamples.MultipleBookingwithRequestSpec"/>
</testsuite> <!-- restAPIExamples.MultipleBookingwithRequestSpec -->
