<?xml version="1.0" encoding="UTF-8"?>
<!-- Generated by org.testng.reporters.JUnitReportReporter -->
<testsuite skipped="0" hostname="DESKTOP-E1E9EHH" name="datashare.TestNG_DataStore2" tests="2" failures="0" timestamp="06 Dec 2021 03:39:57 GMT" time="30.736" errors="0">
  <testcase name="createBooking" time="9.336" classname="datashare.TestNG_DataStore2"/>
  <testcase name="retrieveBooking" time="21.400" classname="datashare.TestNG_DataStore2"/>
</testsuite> <!-- datashare.TestNG_DataStore2 -->
