<?xml version="1.0" encoding="UTF-8"?>
<!-- Generated by org.testng.reporters.JUnitReportReporter -->
<testsuite skipped="0" hostname="DESKTOP-E1E9EHH" name="datashare.ShareData2" tests="2" failures="0" timestamp="02 Dec 2021 13:14:47 GMT" time="9.157" errors="0">
  <testcase name="createBooking" time="6.987" classname="datashare.ShareData2"/>
  <testcase name="retrieveBooking" time="2.170" classname="datashare.ShareData2"/>
</testsuite> <!-- datashare.ShareData2 -->
