<?xml version="1.0" encoding="UTF-8"?>
<!-- Generated by org.testng.reporters.JUnitReportReporter -->
<testsuite skipped="0" hostname="DESKTOP-E1E9EHH" name="jsonPathExamples.JsonPathNestedJSON" tests="1" failures="0" timestamp="25 Nov 2021 05:41:19 GMT" time="1.712" errors="0">
  <testcase name="jsonPathDemo" time="1.712" classname="jsonPathExamples.JsonPathNestedJSON"/>
</testsuite> <!-- jsonPathExamples.JsonPathNestedJSON -->
