<?xml version="1.0" encoding="UTF-8"?>
<!-- Generated by org.testng.reporters.JUnitReportReporter -->
<testsuite skipped="0" hostname="DESKTOP-E1E9EHH" name="jsonPathExamples.JsonPathSimpleandNestedJSON" tests="1" failures="0" timestamp="25 Nov 2021 05:14:59 GMT" time="1.701" errors="0">
  <testcase name="jsonPathDemo" time="1.701" classname="jsonPathExamples.JsonPathSimpleandNestedJSON"/>
</testsuite> <!-- jsonPathExamples.JsonPathSimpleandNestedJSON -->
