<?xml version="1.0" encoding="UTF-8"?>
<!-- Generated by org.testng.reporters.JUnitReportReporter -->
<testsuite skipped="0" hostname="DESKTOP-E1E9EHH" name="restAPIExamples.MultipleBooking" tests="2" failures="0" timestamp="26 Aug 2021 14:25:18 GMT" time="5.453" errors="0">
  <testcase name="createBooking" time="3.915" classname="restAPIExamples.MultipleBooking"/>
  <testcase name="updateBooking" time="1.538" classname="restAPIExamples.MultipleBooking"/>
</testsuite> <!-- restAPIExamples.MultipleBooking -->
